{"C:\\Users\\anish\\OneDrive\\Desktop\\rate-guard\\src\\index.js": {"path":"C:\\Users\\anish\\OneDrive\\Desktop\\rate-guard\\src\\index.js","statementMap":{"0":{"start":{"line":1,"column":0},"end":{"line":1,"column":27}},"1":{"start":{"line":2,"column":16},"end":{"line":2,"column":34}},"2":{"start":{"line":3,"column":24},"end":{"line":3,"column":59}},"3":{"start":{"line":5,"column":12},"end":{"line":5,"column":21}},"4":{"start":{"line":6,"column":0},"end":{"line":6,"column":24}},"5":{"start":{"line":9,"column":0},"end":{"line":11,"column":3}},"6":{"start":{"line":10,"column":2},"end":{"line":10,"column":81}},"7":{"start":{"line":14,"column":0},"end":{"line":14,"column":31}},"8":{"start":{"line":16,"column":0},"end":{"line":18,"column":3}},"9":{"start":{"line":17,"column":2},"end":{"line":17,"column":83}},"10":{"start":{"line":20,"column":0},"end":{"line":22,"column":3}},"11":{"start":{"line":21,"column":2},"end":{"line":21,"column":64}},"12":{"start":{"line":27,"column":0},"end":{"line":29,"column":3}},"13":{"start":{"line":28,"column":2},"end":{"line":28,"column":30}},"14":{"start":{"line":32,"column":0},"end":{"line":35,"column":3}},"15":{"start":{"line":33,"column":2},"end":{"line":33,"column":58}},"16":{"start":{"line":34,"column":2},"end":{"line":34,"column":59}},"17":{"start":{"line":37,"column":13},"end":{"line":37,"column":37}},"18":{"start":{"line":38,"column":15},"end":{"line":41,"column":2}},"19":{"start":{"line":39,"column":2},"end":{"line":39,"column":54}},"20":{"start":{"line":40,"column":2},"end":{"line":40,"column":84}},"21":{"start":{"line":43,"column":0},"end":{"line":43,"column":33}}},"fnMap":{"0":{"name":"(anonymous_0)","decl":{"start":{"line":9,"column":19},"end":{"line":9,"column":20}},"loc":{"start":{"line":9,"column":33},"end":{"line":11,"column":1}},"line":9},"1":{"name":"(anonymous_1)","decl":{"start":{"line":16,"column":21},"end":{"line":16,"column":22}},"loc":{"start":{"line":16,"column":35},"end":{"line":18,"column":1}},"line":16},"2":{"name":"(anonymous_2)","decl":{"start":{"line":20,"column":23},"end":{"line":20,"column":24}},"loc":{"start":{"line":20,"column":37},"end":{"line":22,"column":1}},"line":20},"3":{"name":"(anonymous_3)","decl":{"start":{"line":27,"column":34},"end":{"line":27,"column":35}},"loc":{"start":{"line":27,"column":48},"end":{"line":29,"column":1}},"line":27},"4":{"name":"(anonymous_4)","decl":{"start":{"line":32,"column":8},"end":{"line":32,"column":9}},"loc":{"start":{"line":32,"column":33},"end":{"line":35,"column":1}},"line":32},"5":{"name":"(anonymous_5)","decl":{"start":{"line":38,"column":32},"end":{"line":38,"column":33}},"loc":{"start":{"line":38,"column":38},"end":{"line":41,"column":1}},"line":38}},"branchMap":{"0":{"loc":{"start":{"line":10,"column":38},"end":{"line":10,"column":77}},"type":"binary-expr","locations":[{"start":{"line":10,"column":38},"end":{"line":10,"column":59}},{"start":{"line":10,"column":63},"end":{"line":10,"column":77}}],"line":10},"1":{"loc":{"start":{"line":37,"column":13},"end":{"line":37,"column":37}},"type":"binary-expr","locations":[{"start":{"line":37,"column":13},"end":{"line":37,"column":29}},{"start":{"line":37,"column":33},"end":{"line":37,"column":37}}],"line":37},"2":{"loc":{"start":{"line":40,"column":41},"end":{"line":40,"column":80}},"type":"binary-expr","locations":[{"start":{"line":40,"column":41},"end":{"line":40,"column":62}},{"start":{"line":40,"column":66},"end":{"line":40,"column":80}}],"line":40}},"s":{"0":1,"1":1,"2":1,"3":1,"4":1,"5":1,"6":1,"7":1,"8":1,"9":2,"10":1,"11":0,"12":1,"13":1,"14":1,"15":0,"16":0,"17":1,"18":1,"19":1,"20":1,"21":1},"f":{"0":1,"1":2,"2":0,"3":1,"4":0,"5":1},"b":{"0":[1,0],"1":[1,0],"2":[1,0]},"_coverageSchema":"1a1c01bbd47fc00a2c39e90264f33305004495a9","hash":"2f94ed50357f3af7acad7d60a08e340a1b87bfd4"}
,"C:\\Users\\anish\\OneDrive\\Desktop\\rate-guard\\src\\redis.js": {"path":"C:\\Users\\anish\\OneDrive\\Desktop\\rate-guard\\src\\redis.js","statementMap":{"0":{"start":{"line":1,"column":14},"end":{"line":1,"column":32}},"1":{"start":{"line":3,"column":13},"end":{"line":3,"column":17}},"2":{"start":{"line":6,"column":2},"end":{"line":19,"column":3}},"3":{"start":{"line":7,"column":4},"end":{"line":10,"column":7}},"4":{"start":{"line":12,"column":4},"end":{"line":14,"column":7}},"5":{"start":{"line":13,"column":6},"end":{"line":13,"column":62}},"6":{"start":{"line":16,"column":4},"end":{"line":18,"column":7}},"7":{"start":{"line":17,"column":6},"end":{"line":17,"column":39}},"8":{"start":{"line":20,"column":2},"end":{"line":20,"column":16}},"9":{"start":{"line":23,"column":0},"end":{"line":23,"column":36}}},"fnMap":{"0":{"name":"getRedisClient","decl":{"start":{"line":5,"column":9},"end":{"line":5,"column":23}},"loc":{"start":{"line":5,"column":26},"end":{"line":21,"column":1}},"line":5},"1":{"name":"(anonymous_1)","decl":{"start":{"line":12,"column":23},"end":{"line":12,"column":24}},"loc":{"start":{"line":12,"column":32},"end":{"line":14,"column":5}},"line":12},"2":{"name":"(anonymous_2)","decl":{"start":{"line":16,"column":25},"end":{"line":16,"column":26}},"loc":{"start":{"line":16,"column":31},"end":{"line":18,"column":5}},"line":16}},"branchMap":{"0":{"loc":{"start":{"line":6,"column":2},"end":{"line":19,"column":3}},"type":"if","locations":[{"start":{"line":6,"column":2},"end":{"line":19,"column":3}},{"start":{},"end":{}}],"line":6},"1":{"loc":{"start":{"line":7,"column":23},"end":{"line":7,"column":72}},"type":"binary-expr","locations":[{"start":{"line":7,"column":23},"end":{"line":7,"column":44}},{"start":{"line":7,"column":48},"end":{"line":7,"column":72}}],"line":7}},"s":{"0":0,"1":0,"2":0,"3":0,"4":0,"5":0,"6":0,"7":0,"8":0,"9":0},"f":{"0":0,"1":0,"2":0},"b":{"0":[0,0],"1":[0,0]}}
,"C:\\Users\\anish\\OneDrive\\Desktop\\rate-guard\\src\\algorithms\\slidingWindow.js": {"path":"C:\\Users\\anish\\OneDrive\\Desktop\\rate-guard\\src\\algorithms\\slidingWindow.js","statementMap":{"0":{"start":{"line":1,"column":27},"end":{"line":1,"column":46}},"1":{"start":{"line":16,"column":16},"end":{"line":16,"column":32}},"2":{"start":{"line":17,"column":16},"end":{"line":17,"column":66}},"3":{"start":{"line":18,"column":19},"end":{"line":18,"column":74}},"4":{"start":{"line":19,"column":14},"end":{"line":19,"column":24}},"5":{"start":{"line":20,"column":22},"end":{"line":20,"column":36}},"6":{"start":{"line":22,"column":14},"end":{"line":22,"column":37}},"7":{"start":{"line":24,"column":19},"end":{"line":24,"column":35}},"8":{"start":{"line":27,"column":2},"end":{"line":27,"column":49}},"9":{"start":{"line":29,"column":2},"end":{"line":29,"column":22}},"10":{"start":{"line":31,"column":2},"end":{"line":31,"column":34}},"11":{"start":{"line":33,"column":18},"end":{"line":33,"column":39}},"12":{"start":{"line":34,"column":23},"end":{"line":34,"column":36}},"13":{"start":{"line":36,"column":2},"end":{"line":49,"column":3}},"14":{"start":{"line":38,"column":19},"end":{"line":38,"column":62}},"15":{"start":{"line":39,"column":28},"end":{"line":39,"column":71}},"16":{"start":{"line":40,"column":23},"end":{"line":40,"column":75}},"17":{"start":{"line":42,"column":4},"end":{"line":48,"column":6}},"18":{"start":{"line":52,"column":2},"end":{"line":52,"column":56}},"19":{"start":{"line":54,"column":2},"end":{"line":60,"column":4}},"20":{"start":{"line":63,"column":0},"end":{"line":63,"column":35}}},"fnMap":{"0":{"name":"slidingWindow","decl":{"start":{"line":15,"column":15},"end":{"line":15,"column":28}},"loc":{"start":{"line":15,"column":41},"end":{"line":61,"column":1}},"line":15}},"branchMap":{"0":{"loc":{"start":{"line":17,"column":25},"end":{"line":17,"column":65}},"type":"binary-expr","locations":[{"start":{"line":17,"column":25},"end":{"line":17,"column":57}},{"start":{"line":17,"column":61},"end":{"line":17,"column":65}}],"line":17},"1":{"loc":{"start":{"line":18,"column":28},"end":{"line":18,"column":73}},"type":"binary-expr","locations":[{"start":{"line":18,"column":28},"end":{"line":18,"column":62}},{"start":{"line":18,"column":66},"end":{"line":18,"column":73}}],"line":18},"2":{"loc":{"start":{"line":36,"column":2},"end":{"line":49,"column":3}},"type":"if","locations":[{"start":{"line":36,"column":2},"end":{"line":49,"column":3}},{"start":{},"end":{}}],"line":36},"3":{"loc":{"start":{"line":39,"column":28},"end":{"line":39,"column":71}},"type":"cond-expr","locations":[{"start":{"line":39,"column":44},"end":{"line":39,"column":65}},{"start":{"line":39,"column":68},"end":{"line":39,"column":71}}],"line":39}},"s":{"0":0,"1":0,"2":0,"3":0,"4":0,"5":0,"6":0,"7":0,"8":0,"9":0,"10":0,"11":0,"12":0,"13":0,"14":0,"15":0,"16":0,"17":0,"18":0,"19":0,"20":0},"f":{"0":0},"b":{"0":[0,0],"1":[0,0],"2":[0,0],"3":[0,0]}}
,"C:\\Users\\anish\\OneDrive\\Desktop\\rate-guard\\src\\algorithms\\tokenBucket.js": {"path":"C:\\Users\\anish\\OneDrive\\Desktop\\rate-guard\\src\\algorithms\\tokenBucket.js","statementMap":{"0":{"start":{"line":1,"column":27},"end":{"line":1,"column":46}},"1":{"start":{"line":14,"column":28},"end":{"line":39,"column":1}},"2":{"start":{"line":42,"column":16},"end":{"line":42,"column":32}},"3":{"start":{"line":43,"column":19},"end":{"line":43,"column":70}},"4":{"start":{"line":44,"column":21},"end":{"line":44,"column":76}},"5":{"start":{"line":45,"column":14},"end":{"line":45,"column":24}},"6":{"start":{"line":47,"column":14},"end":{"line":47,"column":37}},"7":{"start":{"line":49,"column":43},"end":{"line":56,"column":3}},"8":{"start":{"line":58,"column":2},"end":{"line":64,"column":4}},"9":{"start":{"line":67,"column":0},"end":{"line":67,"column":33}}},"fnMap":{"0":{"name":"tokenBucket","decl":{"start":{"line":41,"column":15},"end":{"line":41,"column":26}},"loc":{"start":{"line":41,"column":39},"end":{"line":65,"column":1}},"line":41}},"branchMap":{"0":{"loc":{"start":{"line":43,"column":28},"end":{"line":43,"column":69}},"type":"binary-expr","locations":[{"start":{"line":43,"column":28},"end":{"line":43,"column":61}},{"start":{"line":43,"column":65},"end":{"line":43,"column":69}}],"line":43},"1":{"loc":{"start":{"line":44,"column":32},"end":{"line":44,"column":75}},"type":"binary-expr","locations":[{"start":{"line":44,"column":32},"end":{"line":44,"column":68}},{"start":{"line":44,"column":72},"end":{"line":44,"column":75}}],"line":44},"2":{"loc":{"start":{"line":61,"column":16},"end":{"line":61,"column":31}},"type":"binary-expr","locations":[{"start":{"line":61,"column":16},"end":{"line":61,"column":26}},{"start":{"line":61,"column":30},"end":{"line":61,"column":31}}],"line":61}},"s":{"0":1,"1":1,"2":4,"3":4,"4":4,"5":4,"6":4,"7":4,"8":4,"9":1},"f":{"0":4},"b":{"0":[4,0],"1":[4,0],"2":[4,3]},"_coverageSchema":"1a1c01bbd47fc00a2c39e90264f33305004495a9","hash":"e1c0bad07b0d1fecb1ae5c0d1070967651ce1959"}
,"C:\\Users\\anish\\OneDrive\\Desktop\\rate-guard\\src\\middleware\\rateLimiter.js": {"path":"C:\\Users\\anish\\OneDrive\\Desktop\\rate-guard\\src\\middleware\\rateLimiter.js","statementMap":{"0":{"start":{"line":1,"column":24},"end":{"line":1,"column":60}},"1":{"start":{"line":2,"column":26},"end":{"line":2,"column":64}},"2":{"start":{"line":4,"column":19},"end":{"line":8,"column":1}},"3":{"start":{"line":15,"column":2},"end":{"line":20,"column":4}},"4":{"start":{"line":30,"column":4},"end":{"line":30,"column":64}},"5":{"start":{"line":31,"column":20},"end":{"line":31,"column":45}},"6":{"start":{"line":33,"column":2},"end":{"line":37,"column":3}},"7":{"start":{"line":34,"column":4},"end":{"line":36,"column":6}},"8":{"start":{"line":39,"column":2},"end":{"line":67,"column":4}},"9":{"start":{"line":40,"column":23},"end":{"line":40,"column":41}},"10":{"start":{"line":42,"column":4},"end":{"line":66,"column":5}},"11":{"start":{"line":43,"column":21},"end":{"line":43,"column":48}},"12":{"start":{"line":46,"column":6},"end":{"line":46,"column":55}},"13":{"start":{"line":47,"column":6},"end":{"line":47,"column":63}},"14":{"start":{"line":48,"column":6},"end":{"line":48,"column":63}},"15":{"start":{"line":50,"column":6},"end":{"line":58,"column":7}},"16":{"start":{"line":51,"column":8},"end":{"line":51,"column":56}},"17":{"start":{"line":52,"column":8},"end":{"line":57,"column":11}},"18":{"start":{"line":60,"column":6},"end":{"line":60,"column":13}},"19":{"start":{"line":64,"column":6},"end":{"line":64,"column":72}},"20":{"start":{"line":65,"column":6},"end":{"line":65,"column":13}},"21":{"start":{"line":70,"column":0},"end":{"line":70,"column":33}}},"fnMap":{"0":{"name":"getIdentifier","decl":{"start":{"line":14,"column":9},"end":{"line":14,"column":22}},"loc":{"start":{"line":14,"column":28},"end":{"line":21,"column":1}},"line":14},"1":{"name":"rateLimiter","decl":{"start":{"line":28,"column":9},"end":{"line":28,"column":20}},"loc":{"start":{"line":28,"column":35},"end":{"line":68,"column":1}},"line":28},"2":{"name":"(anonymous_2)","decl":{"start":{"line":39,"column":9},"end":{"line":39,"column":10}},"loc":{"start":{"line":39,"column":35},"end":{"line":67,"column":3}},"line":39}},"branchMap":{"0":{"loc":{"start":{"line":16,"column":4},"end":{"line":19,"column":13}},"type":"binary-expr","locations":[{"start":{"line":16,"column":4},"end":{"line":16,"column":28}},{"start":{"line":17,"column":4},"end":{"line":17,"column":56}},{"start":{"line":18,"column":4},"end":{"line":18,"column":28}},{"start":{"line":19,"column":4},"end":{"line":19,"column":13}}],"line":16},"1":{"loc":{"start":{"line":28,"column":21},"end":{"line":28,"column":33}},"type":"default-arg","locations":[{"start":{"line":28,"column":31},"end":{"line":28,"column":33}}],"line":28},"2":{"loc":{"start":{"line":30,"column":4},"end":{"line":30,"column":64}},"type":"binary-expr","locations":[{"start":{"line":30,"column":4},"end":{"line":30,"column":21}},{"start":{"line":30,"column":25},"end":{"line":30,"column":46}},{"start":{"line":30,"column":50},"end":{"line":30,"column":64}}],"line":30},"3":{"loc":{"start":{"line":33,"column":2},"end":{"line":37,"column":3}},"type":"if","locations":[{"start":{"line":33,"column":2},"end":{"line":37,"column":3}},{"start":{},"end":{}}],"line":33},"4":{"loc":{"start":{"line":50,"column":6},"end":{"line":58,"column":7}},"type":"if","locations":[{"start":{"line":50,"column":6},"end":{"line":58,"column":7}},{"start":{},"end":{}}],"line":50}},"s":{"0":0,"1":0,"2":0,"3":0,"4":0,"5":0,"6":0,"7":0,"8":0,"9":0,"10":0,"11":0,"12":0,"13":0,"14":0,"15":0,"16":0,"17":0,"18":0,"19":0,"20":0,"21":0},"f":{"0":0,"1":0,"2":0},"b":{"0":[0,0,0,0],"1":[0],"2":[0,0,0],"3":[0,0],"4":[0,0]}}
}
